PLINK v2.0.0-a.7LM 64-bit Intel (10 Jan 2026)
Options in effect:
  --covar litegwas_input/covar.tsv
  --glm hide-covar
  --out results/plink2
  --pfile realdata/chr22/chr22_eur_20k
  --pheno litegwas_input/pheno.tsv
  --pheno-name y

Hostname: Pritika
Working directory: /mnt/c/Users/user/OneDrive/Desktop/CSE284/litegwas
Start time: Wed Mar  4 12:59:22 2026

Random number seed: 1772657963
3774 MiB RAM detected, ~3537 available; reserving 1887 MiB for main workspace.
Using up to 8 compute threads.
503 samples (0 females, 0 males, 503 ambiguous; 503 founders) loaded from
realdata/chr22/chr22_eur_20k.psam.
20000 variants loaded from realdata/chr22/chr22_eur_20k.pvar.
1 quantitative phenotype loaded (503 values).
5 covariates loaded from litegwas_input/covar.tsv.
Calculating allele frequencies... done.
--glm linear regression on phenotype 'y': done.
Results written to results/plink2.y.glm.linear .

End time: Wed Mar  4 12:59:23 2026
